<?xml version="1.0" encoding="UTF-8"?>
<testsuite xmlns:xsi="http://www.w3.org/2001/XMLSchema-instance" xsi:noNamespaceSchemaLocation="https://maven.apache.org/surefire/maven-surefire-plugin/xsd/surefire-test-report-3.0.xsd" version="3.0" name="com.apprenticareers.addressbook.repository.UserRepositoryTest" time="2.114" tests="6" errors="0" skipped="0" failures="0">
  <properties>
[...]
</properties>
  <testcase name="savesAndAutoPopulatesCreatedAt" classname="com.apprenticareers.addressbook.repository.UserRepositoryTest" time="0.227">
    <system-out><![CDATA[2026-07-21T09:31:00.512-06:00  INFO 28380 --- [           main] t.c.s.AnnotationConfigContextLoaderUtils : Could not detect default configuration classes for test class [com.apprenticareers.addressbook.repository.UserRepositoryTest]: UserRepositoryTest does not declare any static, non-private, non-final, nested classes annotated with @Configuration.
2026-07-21T09:31:00.557-06:00  INFO 28380 --- [           main] .b.t.c.SpringBootTestContextBootstrapper : Found @SpringBootConfiguration com.apprenticareers.addressbook.AddressBookApplication for test class com.apprenticareers.addressbook.repository.UserRepositoryTest

  .   ____          _            __ _ _
 /\\ / ___'_ __ _ _(_)_ __  __ _ \ \ \ \
( ( )\___ | '_ | '_| | '_ \/ _` | \ \ \ \
 \\/  ___)| |_)| | | | | || (_| |  ) ) ) )
  '  |____| .__|_| |_|_| |_\__, | / / / /
 =========|_|==============|___/=/_/_/_/
 :: Spring Boot ::                (v3.1.0)

2026-07-21T09:31:00.643-06:00  INFO 28380 --- [           main] c.a.a.repository.UserRepositoryTest      : Starting UserRepositoryTest using Java 17.0.19 with PID 28380 (started by Anthony Orlando in C:\Users\Anthony Orlando\workspace\demo-address-book\backend)
2026-07-21T09:31:00.645-06:00  INFO 28380 --- [           main] c.a.a.repository.UserRepositoryTest      : No active profile set, falling back to 1 default profile: "default"
2026-07-21T09:31:01.158-06:00  INFO 28380 --- [           main] .s.d.r.c.RepositoryConfigurationDelegate : Bootstrapping Spring Data JPA repositories in DEFAULT mode.
2026-07-21T09:31:01.206-06:00  INFO 28380 --- [           main] .s.d.r.c.RepositoryConfigurationDelegate : Finished Spring Data repository scanning in 48 ms. Found 2 JPA repository interfaces.
2026-07-21T09:31:01.261-06:00  INFO 28380 --- [           main] beddedDataSourceBeanFactoryPostProcessor : Replacing 'dataSource' DataSource bean with embedded version
2026-07-21T09:31:01.343-06:00  INFO 28380 --- [           main] o.s.j.d.e.EmbeddedDatabaseFactory        : Starting embedded database: url='jdbc:h2:mem:7f7b7c87-2689-49e6-9eac-dd1cdbbaee06;DB_CLOSE_DELAY=-1;DB_CLOSE_ON_EXIT=false', username='sa'
2026-07-21T09:31:01.422-06:00  INFO 28380 --- [           main] o.hibernate.jpa.internal.util.LogHelper  : HHH000204: Processing PersistenceUnitInfo [name: default]
2026-07-21T09:31:01.445-06:00  INFO 28380 --- [           main] o.h.b.i.BytecodeProviderInitiator        : HHH000021: Bytecode provider name : bytebuddy
2026-07-21T09:31:01.446-06:00  INFO 28380 --- [           main] o.s.o.j.p.SpringPersistenceUnitInfo      : No LoadTimeWeaver setup: ignoring JPA class transformer
2026-07-21T09:31:01.454-06:00  INFO 28380 --- [           main] org.hibernate.orm.dialect                : HHH035001: Using dialect: org.hibernate.dialect.H2Dialect, version: 2.1.214
2026-07-21T09:31:01.512-06:00  INFO 28380 --- [           main] o.h.b.i.BytecodeProviderInitiator        : HHH000021: Bytecode provider name : bytebuddy
2026-07-21T09:31:01.651-06:00  INFO 28380 --- [           main] o.h.e.t.j.p.i.JtaPlatformInitiator       : HHH000490: Using JtaPlatform implementation: [org.hibernate.engine.transaction.jta.platform.internal.NoJtaPlatform]
Hibernate: drop table if exists contacts cascade 
Hibernate: drop table if exists users cascade 
Hibernate: create table contacts (created_at timestamp(6) not null, id bigint generated by default as identity, owner_user_id bigint not null, updated_at timestamp(6), address varchar(255), email varchar(255), name varchar(255) not null, telephone_number varchar(255), primary key (id))
Hibernate: create table users (created_at timestamp(6) not null, id bigint generated by default as identity, address varchar(255), email varchar(255) not null unique, password_hash varchar(255) not null, role varchar(255) not null check (role in ('USER','ADMIN')), telephone_number varchar(255), primary key (id))
2026-07-21T09:31:01.669-06:00  INFO 28380 --- [           main] o.h.t.s.i.e.GenerationTargetToDatabase   : HHH000476: Executing script '[injected ScriptSourceInputNonExistentImpl script]'
2026-07-21T09:31:01.671-06:00  INFO 28380 --- [           main] j.LocalContainerEntityManagerFactoryBean : Initialized JPA EntityManagerFactory for persistence unit 'default'
2026-07-21T09:31:02.073-06:00  INFO 28380 --- [           main] c.a.a.repository.UserRepositoryTest      : Started UserRepositoryTest in 1.504 seconds (process running for 33.338)
Hibernate: insert into users (address,created_at,email,password_hash,role,telephone_number,id) values (?,?,?,?,?,?,default)
]]></system-out>
  </testcase>
  <testcase name="findByEmail_returnsEmptyWhenNoMatch" classname="com.apprenticareers.addressbook.repository.UserRepositoryTest" time="0.08">
    <system-out><![CDATA[Hibernate: select u1_0.id,u1_0.address,u1_0.created_at,u1_0.email,u1_0.password_hash,u1_0.role,u1_0.telephone_number from users u1_0 where u1_0.email=?
]]></system-out>
  </testcase>
  <testcase name="existsByEmail_trueAndFalseCases" classname="com.apprenticareers.addressbook.repository.UserRepositoryTest" time="0.058">
    <system-out><![CDATA[Hibernate: insert into users (address,created_at,email,password_hash,role,telephone_number,id) values (?,?,?,?,?,?,default)
Hibernate: select u1_0.id from users u1_0 where u1_0.email=? fetch first ? rows only
Hibernate: select u1_0.id from users u1_0 where u1_0.email=? fetch first ? rows only
]]></system-out>
  </testcase>
  <testcase name="findByEmail_returnsMatchingUser" classname="com.apprenticareers.addressbook.repository.UserRepositoryTest" time="0.031">
    <system-out><![CDATA[Hibernate: insert into users (address,created_at,email,password_hash,role,telephone_number,id) values (?,?,?,?,?,?,default)
Hibernate: select u1_0.id,u1_0.address,u1_0.created_at,u1_0.email,u1_0.password_hash,u1_0.role,u1_0.telephone_number from users u1_0 where u1_0.email=?
]]></system-out>
  </testcase>
  <testcase name="emailUniqueConstraint_isEnforcedAtColumnLevel" classname="com.apprenticareers.addressbook.repository.UserRepositoryTest" time="0.088">
    <system-out><![CDATA[Hibernate: insert into users (address,created_at,email,password_hash,role,telephone_number,id) values (?,?,?,?,?,?,default)
Hibernate: insert into users (address,created_at,email,password_hash,role,telephone_number,id) values (?,?,?,?,?,?,default)
2026-07-21T09:31:02.544-06:00  WARN 28380 --- [           main] o.h.engine.jdbc.spi.SqlExceptionHelper   : SQL Error: 23505, SQLState: 23505
2026-07-21T09:31:02.546-06:00 ERROR 28380 --- [           main] o.h.engine.jdbc.spi.SqlExceptionHelper   : Unique index or primary key violation: "PUBLIC.CONSTRAINT_INDEX_4 ON PUBLIC.USERS(EMAIL NULLS FIRST) VALUES ( /* 4 */ 'dupe@example.com' )"; SQL statement:
insert into users (address,created_at,email,password_hash,role,telephone_number,id) values (?,?,?,?,?,?,default) [23505-214]
]]></system-out>
  </testcase>
  <testcase name="existsByRole_detectsAdminPresence" classname="com.apprenticareers.addressbook.repository.UserRepositoryTest" time="0.031">
    <system-out><![CDATA[Hibernate: select u1_0.id from users u1_0 where u1_0.role=? fetch first ? rows only
Hibernate: insert into users (address,created_at,email,password_hash,role,telephone_number,id) values (?,?,?,?,?,?,default)
Hibernate: select u1_0.id from users u1_0 where u1_0.role=? fetch first ? rows only
]]></system-out>
  </testcase>
</testsuite>