<?xml version="1.0" encoding="UTF-8"?>
<testsuite xmlns:xsi="http://www.w3.org/2001/XMLSchema-instance" xsi:noNamespaceSchemaLocation="https://maven.apache.org/surefire/maven-surefire-plugin/xsd/surefire-test-report-3.0.xsd" version="3.0" name="com.apprenticareers.addressbook.AddressBookApplicationTests" time="21.839" tests="1" errors="0" skipped="0" failures="0">
  <properties>
[...]
</properties>
  <testcase name="contextLoads" classname="com.apprenticareers.addressbook.AddressBookApplicationTests" time="1.748">
    <system-out><![CDATA[08:20:27.877 [main] INFO org.springframework.test.context.support.AnnotationConfigContextLoaderUtils -- Could not detect default configuration classes for test class [com.apprenticareers.addressbook.AddressBookApplicationTests]: AddressBookApplicationTests does not declare any static, non-private, non-final, nested classes annotated with @Configuration.
08:20:28.187 [main] INFO org.springframework.boot.test.context.SpringBootTestContextBootstrapper -- Found @SpringBootConfiguration com.apprenticareers.addressbook.AddressBookApplication for test class com.apprenticareers.addressbook.AddressBookApplicationTests

  .   ____          _            __ _ _
 /\\ / ___'_ __ _ _(_)_ __  __ _ \ \ \ \
( ( )\___ | '_ | '_| | '_ \/ _` | \ \ \ \
 \\/  ___)| |_)| | | | | || (_| |  ) ) ) )
  '  |____| .__|_| |_|_| |_\__, | / / / /
 =========|_|==============|___/=/_/_/_/
 :: Spring Boot ::                (v3.1.0)

2026-07-21T08:20:29.787-06:00  INFO 34504 --- [           main] c.a.a.AddressBookApplicationTests        : Starting AddressBookApplicationTests using Java 17.0.19 with PID 34504 (started by Anthony Orlando in C:\Users\Anthony Orlando\workspace\demo-address-book\backend)
2026-07-21T08:20:29.787-06:00  INFO 34504 --- [           main] c.a.a.AddressBookApplicationTests        : No active profile set, falling back to 1 default profile: "default"
2026-07-21T08:20:32.311-06:00  INFO 34504 --- [           main] .s.d.r.c.RepositoryConfigurationDelegate : Bootstrapping Spring Data JPA repositories in DEFAULT mode.
2026-07-21T08:20:32.576-06:00  INFO 34504 --- [           main] .s.d.r.c.RepositoryConfigurationDelegate : Finished Spring Data repository scanning in 239 ms. Found 2 JPA repository interfaces.
2026-07-21T08:20:34.813-06:00  INFO 34504 --- [           main] o.hibernate.jpa.internal.util.LogHelper  : HHH000204: Processing PersistenceUnitInfo [name: default]
2026-07-21T08:20:35.013-06:00  INFO 34504 --- [           main] org.hibernate.Version                    : HHH000412: Hibernate ORM core version 6.2.2.Final
2026-07-21T08:20:35.017-06:00  INFO 34504 --- [           main] org.hibernate.cfg.Environment            : HHH000406: Using bytecode reflection optimizer
2026-07-21T08:20:36.579-06:00  INFO 34504 --- [           main] o.h.b.i.BytecodeProviderInitiator        : HHH000021: Bytecode provider name : bytebuddy
2026-07-21T08:20:38.003-06:00  INFO 34504 --- [           main] o.s.o.j.p.SpringPersistenceUnitInfo      : No LoadTimeWeaver setup: ignoring JPA class transformer
2026-07-21T08:20:38.048-06:00  INFO 34504 --- [           main] com.zaxxer.hikari.HikariDataSource       : HikariPool-1 - Starting...
2026-07-21T08:20:38.493-06:00  INFO 34504 --- [           main] com.zaxxer.hikari.pool.HikariPool        : HikariPool-1 - Added connection conn0: url=jdbc:h2:mem:addressbook-test user=SA
2026-07-21T08:20:38.497-06:00  INFO 34504 --- [           main] com.zaxxer.hikari.HikariDataSource       : HikariPool-1 - Start completed.
2026-07-21T08:20:38.673-06:00  INFO 34504 --- [           main] org.hibernate.orm.dialect                : HHH035001: Using dialect: org.hibernate.dialect.H2Dialect, version: 2.1.214
2026-07-21T08:20:39.322-06:00  INFO 34504 --- [           main] o.h.b.i.BytecodeProviderInitiator        : HHH000021: Bytecode provider name : bytebuddy
2026-07-21T08:20:41.716-06:00  INFO 34504 --- [           main] o.h.e.t.j.p.i.JtaPlatformInitiator       : HHH000490: Using JtaPlatform implementation: [org.hibernate.engine.transaction.jta.platform.internal.NoJtaPlatform]
2026-07-21T08:20:41.813-06:00  INFO 34504 --- [           main] o.h.t.s.i.e.GenerationTargetToDatabase   : HHH000476: Executing script '[injected ScriptSourceInputNonExistentImpl script]'
2026-07-21T08:20:41.832-06:00  INFO 34504 --- [           main] j.LocalContainerEntityManagerFactoryBean : Initialized JPA EntityManagerFactory for persistence unit 'default'
2026-07-21T08:20:43.099-06:00  WARN 34504 --- [           main] JpaBaseConfiguration$JpaWebConfiguration : spring.jpa.open-in-view is enabled by default. Therefore, database queries may be performed during view rendering. Explicitly configure spring.jpa.open-in-view to disable this warning
2026-07-21T08:20:44.668-06:00  INFO 34504 --- [           main] o.s.s.web.DefaultSecurityFilterChain     : Will secure any request with [org.springframework.security.web.session.DisableEncodeUrlFilter@2305aad0, org.springframework.security.web.context.request.async.WebAsyncManagerIntegrationFilter@1c15a6aa, org.springframework.security.web.context.SecurityContextHolderFilter@729d1428, org.springframework.security.web.header.HeaderWriterFilter@4f6a5cc9, org.springframework.web.filter.CorsFilter@7dc963be, org.springframework.security.web.authentication.logout.LogoutFilter@2ba4b32b, com.apprenticareers.addressbook.security.JwtAuthenticationFilter@61c4fc34, org.springframework.security.web.savedrequest.RequestCacheAwareFilter@1728d307, org.springframework.security.web.servletapi.SecurityContextHolderAwareRequestFilter@252d2ac0, org.springframework.security.web.authentication.AnonymousAuthenticationFilter@6f9999f6, org.springframework.security.web.session.SessionManagementFilter@296949c8, org.springframework.security.web.access.ExceptionTranslationFilter@b307030, org.springframework.security.web.access.intercept.AuthorizationFilter@956cf3d]
2026-07-21T08:20:46.327-06:00  INFO 34504 --- [           main] c.a.a.AddressBookApplicationTests        : Started AddressBookApplicationTests in 17.535 seconds (process running for 21.122)
2026-07-21T08:20:47.392-06:00  INFO 34504 --- [           main] c.a.a.service.StartupAdminSeederService  : ==================================================================
2026-07-21T08:20:47.393-06:00  INFO 34504 --- [           main] c.a.a.service.StartupAdminSeederService  : Initial ADMIN account created. email=admin@addressbook.local password=@9mkq9RuCc@U
2026-07-21T08:20:47.393-06:00  INFO 34504 --- [           main] c.a.a.service.StartupAdminSeederService  : Store this password securely now; it will not be logged again.
2026-07-21T08:20:47.393-06:00  INFO 34504 --- [           main] c.a.a.service.StartupAdminSeederService  : ==================================================================
]]></system-out>
  </testcase>
</testsuite>