<?xml version="1.0" encoding="UTF-8"?>
<testsuite xmlns:xsi="http://www.w3.org/2001/XMLSchema-instance" xsi:noNamespaceSchemaLocation="https://maven.apache.org/surefire/maven-surefire-plugin/xsd/surefire-test-report-3.0.xsd" version="3.0" name="com.apprenticareers.addressbook.controller.ContactControllerTest" time="1.076" tests="11" errors="0" skipped="0" failures="0">
  <properties>
[...]
</properties>
  <testcase name="addContact_returns401WhenUnauthenticated" classname="com.apprenticareers.addressbook.controller.ContactControllerTest" time="0.015">
    <system-out><![CDATA[2026-07-21T13:06:10.306-06:00  INFO 33392 --- [           main] t.c.s.AnnotationConfigContextLoaderUtils : Could not detect default configuration classes for test class [com.apprenticareers.addressbook.controller.ContactControllerTest]: ContactControllerTest does not declare any static, non-private, non-final, nested classes annotated with @Configuration.
2026-07-21T13:06:10.322-06:00  INFO 33392 --- [           main] .b.t.c.SpringBootTestContextBootstrapper : Found @SpringBootConfiguration com.apprenticareers.addressbook.AddressBookApplication for test class com.apprenticareers.addressbook.controller.ContactControllerTest

  .   ____          _            __ _ _
 /\\ / ___'_ __ _ _(_)_ __  __ _ \ \ \ \
( ( )\___ | '_ | '_| | '_ \/ _` | \ \ \ \
 \\/  ___)| |_)| | | | | || (_| |  ) ) ) )
  '  |____| .__|_| |_|_| |_\__, | / / / /
 =========|_|==============|___/=/_/_/_/
 :: Spring Boot ::                (v3.1.0)

2026-07-21T13:06:10.378-06:00  INFO 33392 --- [           main] c.a.a.controller.ContactControllerTest   : Starting ContactControllerTest using Java 17.0.19 with PID 33392 (started by Anthony Orlando in C:\Users\Anthony Orlando\workspace\demo-address-book\backend)
2026-07-21T13:06:10.379-06:00  INFO 33392 --- [           main] c.a.a.controller.ContactControllerTest   : No active profile set, falling back to 1 default profile: "default"
2026-07-21T13:06:10.957-06:00  INFO 33392 --- [           main] o.s.s.web.DefaultSecurityFilterChain     : Will secure any request with [org.springframework.security.web.session.DisableEncodeUrlFilter@1c4493c6, org.springframework.security.web.context.request.async.WebAsyncManagerIntegrationFilter@6f4ccc8, org.springframework.security.web.context.SecurityContextHolderFilter@6ed99ce0, org.springframework.security.web.header.HeaderWriterFilter@518ed96e, org.springframework.web.filter.CorsFilter@71211cd5, org.springframework.security.web.authentication.logout.LogoutFilter@711d66e0, com.apprenticareers.addressbook.security.JwtAuthenticationFilter@4a686b43, org.springframework.security.web.savedrequest.RequestCacheAwareFilter@463b7913, org.springframework.security.web.servletapi.SecurityContextHolderAwareRequestFilter@61598d13, org.springframework.security.web.authentication.AnonymousAuthenticationFilter@720a0b6b, org.springframework.security.web.session.SessionManagementFilter@3b812d71, org.springframework.security.web.access.ExceptionTranslationFilter@5fdef28a, org.springframework.security.web.access.intercept.AuthorizationFilter@41ef53a9]
2026-07-21T13:06:11.050-06:00  INFO 33392 --- [           main] o.s.b.t.m.w.SpringBootMockServletContext : Initializing Spring TestDispatcherServlet ''
2026-07-21T13:06:11.050-06:00  INFO 33392 --- [           main] o.s.t.web.servlet.TestDispatcherServlet  : Initializing Servlet ''
2026-07-21T13:06:11.052-06:00  INFO 33392 --- [           main] o.s.t.web.servlet.TestDispatcherServlet  : Completed initialization in 0 ms
2026-07-21T13:06:11.060-06:00  INFO 33392 --- [           main] c.a.a.controller.ContactControllerTest   : Started ContactControllerTest in 0.732 seconds (process running for 25.52)
]]></system-out>
  </testcase>
  <testcase name="getContacts_returnsOnlyAuthenticatedOwnersContacts" classname="com.apprenticareers.addressbook.controller.ContactControllerTest" time="0.029"/>
  <testcase name="deleteContact_returns401WhenUnauthenticated" classname="com.apprenticareers.addressbook.controller.ContactControllerTest" time="0.01"/>
  <testcase name="searchContacts_passesQueryAndOwnerToService" classname="com.apprenticareers.addressbook.controller.ContactControllerTest" time="0.035"/>
  <testcase name="updateContact_returns404WhenNotOwnedByCaller" classname="com.apprenticareers.addressbook.controller.ContactControllerTest" time="0.088"/>
  <testcase name="addContact_returns400ForInvalidPayload" classname="com.apprenticareers.addressbook.controller.ContactControllerTest" time="0.013"/>
  <testcase name="deleteContact_returns200ForOwnedContact" classname="com.apprenticareers.addressbook.controller.ContactControllerTest" time="0.019"/>
  <testcase name="updateContact_returns200ForOwnedContact" classname="com.apprenticareers.addressbook.controller.ContactControllerTest" time="0.02"/>
  <testcase name="getContacts_returns401WhenUnauthenticated" classname="com.apprenticareers.addressbook.controller.ContactControllerTest" time="0.019"/>
  <testcase name="deleteContact_returns404WhenNotOwnedByCaller_evenForAdmin" classname="com.apprenticareers.addressbook.controller.ContactControllerTest" time="0.015"/>
  <testcase name="addContact_returns201AndScopesToAuthenticatedOwner" classname="com.apprenticareers.addressbook.controller.ContactControllerTest" time="0.013"/>
</testsuite>